<?xml version="1.0" encoding="UTF-8"?>
<testng-results skipped="0" failed="0" ignored="0" total="1" passed="1">
  <reporter-output>
  </reporter-output>
  <suite name="Suite" duration-ms="46" started-at="2018-12-18T10:09:05Z" finished-at="2018-12-18T10:09:05Z">
    <groups>
    </groups>
    <test name="Test" duration-ms="46" started-at="2018-12-18T10:09:05Z" finished-at="2018-12-18T10:09:05Z">
      <class name="MavneClassTest">
        <test-method status="PASS" signature="printText()[pri:0, instance:MavneClassTest@396a51ab]" name="printText" duration-ms="13" started-at="2018-12-18T10:09:05Z" finished-at="2018-12-18T10:09:05Z">
          <reporter-output>
          </reporter-output>
        </test-method> <!-- printText -->
      </class> <!-- MavneClassTest -->
    </test> <!-- Test -->
  </suite> <!-- Suite -->
</testng-results>
